[2023-12-29 00:54:33,766] [INFO] [app] - Flask application has ended.
[2023-12-29 00:54:33,791] [INFO] [app] - Flask application has ended.
[2023-12-29 00:54:34,101] [INFO] [app] - Flask application has ended.
[2023-12-29 00:54:37,009] [INFO] [app] - Flask application has ended.
[2023-12-29 00:54:50,360] [INFO] [app] - User query: "你好" - Answer: Hello, what can I help you?
[2023-12-29 00:54:50,360] [INFO] [app] - Current State: 1703782476.003201.png
[2023-12-29 00:54:50,361] [INFO] [app] - Flask application has ended.
[2023-12-29 00:54:53,615] [WARNING] [app] - User query: "你是谁" - No answer found
[2023-12-29 00:54:53,615] [INFO] [app] - Flask application has ended.
[2023-12-29 00:54:59,454] [WARNING] [app] - User query: "nishishei" - No answer found
[2023-12-29 00:54:59,455] [INFO] [app] - Flask application has ended.
[2023-12-29 00:55:02,968] [WARNING] [app] - User query: "ni" - No answer found
[2023-12-29 00:55:02,968] [INFO] [app] - Flask application has ended.
[2023-12-29 01:21:32,846] [INFO] [app] - Flask application has ended.
[2023-12-29 01:21:32,861] [INFO] [app] - Flask application has ended.
[2023-12-29 01:21:39,365] [WARNING] [app] - User query: "what is 1 + 2" - No answer found
[2023-12-29 01:21:39,365] [INFO] [app] - Flask application has ended.
[2023-12-29 01:25:52,405] [INFO] [app] - Flask application has ended.
[2023-12-29 01:25:52,429] [INFO] [app] - Flask application has ended.
[2023-12-29 01:25:54,901] [WARNING] [app] - User query: "1 + 2" - No answer found
[2023-12-29 01:25:54,901] [INFO] [app] - Flask application has ended.
[2023-12-29 01:26:20,578] [INFO] [app] - Flask application has ended.
[2023-12-29 01:26:20,600] [INFO] [app] - Flask application has ended.
[2023-12-29 01:26:25,415] [WARNING] [app] - User query: "22 + 33 * 4" - No answer found
[2023-12-29 01:26:25,415] [INFO] [app] - Flask application has ended.
[2023-12-29 01:27:16,124] [INFO] [app] - Flask application has ended.
[2023-12-29 01:27:16,143] [INFO] [app] - Flask application has ended.
[2023-12-29 01:27:20,675] [WARNING] [app] - User query: "111 + 22 ( 3" - No answer found
[2023-12-29 01:27:20,676] [INFO] [app] - Flask application has ended.
