2023-12-22 16:11:18:422 [Appium] Welcome to Appium v2.3.0 (REV cf5557e9c28efb64e19135d3f757adbba9de889c)
2023-12-22 16:11:18:423 [Appium] Non-default server args:
2023-12-22 16:11:18:424 [Appium] { address: '127.0.0.1', logTimestamp: true, port: 4725 }
2023-12-22 16:11:18:424 [Appium] The autodetected Appium home path: /Users/wuchentian/.appium
2023-12-22 16:11:18:425 [Appium] Attempting to load driver uiautomator2...
2023-12-22 16:11:18:428 [Appium] Requiring driver at /Users/wuchentian/.appium/node_modules/appium-uiautomator2-driver/build/index.js
2023-12-22 16:11:18:783 [Appium] AndroidUiautomator2Driver has been successfully loaded in 0.358s
2023-12-22 16:11:18:791 [HTTP] Could not start REST http interface listener. The requested port may already be in use. Please make sure there is no other instance of this server running already.
2023-12-22 16:11:18:793 uncaughtException: write EPIPE
Error: write EPIPE
    at afterWriteDispatched (node:internal/stream_base_commons:160:15)
    at writeGeneric (node:internal/stream_base_commons:151:3)
    at Socket._writeGeneric (node:net:952:11)
    at Socket._write (node:net:964:8)
    at writeOrBuffer (node:internal/streams/writable:564:12)
    at _write (node:internal/streams/writable:493:10)
    at Socket.Writable.write (node:internal/streams/writable:502:10)
    at Console.log (/Users/wuchentian/Codes/Python/ST@2023/states/node_modules/winston/lib/winston/transports/console.js:51:25)
    at Console._write (/Users/wuchentian/Codes/Python/ST@2023/states/node_modules/winston-transport/index.js:103:17)
    at doWrite (/Users/wuchentian/Codes/Python/ST@2023/states/node_modules/readable-stream/lib/_stream_writable.js:390:139)
    at writeOrBuffer (/Users/wuchentian/Codes/Python/ST@2023/states/node_modules/readable-stream/lib/_stream_writable.js:381:5)
    at Console.Writable.write (/Users/wuchentian/Codes/Python/ST@2023/states/node_modules/readable-stream/lib/_stream_writable.js:302:11)
    at DerivedLogger.ondata (/Users/wuchentian/Codes/Python/ST@2023/states/node_modules/readable-stream/lib/_stream_readable.js:629:20)
    at DerivedLogger.emit (node:events:531:35)
    at addChunk (/Users/wuchentian/Codes/Python/ST@2023/states/node_modules/readable-stream/lib/_stream_readable.js:279:12)
    at readableAddChunk (/Users/wuchentian/Codes/Python/ST@2023/states/node_modules/readable-stream/lib/_stream_readable.js:262:11)
    at DerivedLogger.Readable.push (/Users/wuchentian/Codes/Python/ST@2023/states/node_modules/readable-stream/lib/_stream_readable.js:228:10)
    at DerivedLogger.Transform.push (/Users/wuchentian/Codes/Python/ST@2023/states/node_modules/readable-stream/lib/_stream_transform.js:132:32)
    at DerivedLogger._transform (/Users/wuchentian/Codes/Python/ST@2023/states/node_modules/winston/lib/winston/logger.js:313:12)
    at DerivedLogger.Transform._read (/Users/wuchentian/Codes/Python/ST@2023/states/node_modules/readable-stream/lib/_stream_transform.js:166:10)
    at DerivedLogger.Transform._write (/Users/wuchentian/Codes/Python/ST@2023/states/node_modules/readable-stream/lib/_stream_transform.js:155:83)
    at doWrite (/Users/wuchentian/Codes/Python/ST@2023/states/node_modules/readable-stream/lib/_stream_writable.js:390:139)
2023-12-22 16:11:18:793 uncaughtException: write EPIPE
Error: write EPIPE
    at afterWriteDispatched (node:internal/stream_base_commons:160:15)
    at writeGeneric (node:internal/stream_base_commons:151:3)
    at Socket._writeGeneric (node:net:952:11)
    at Socket._write (node:net:964:8)
    at writeOrBuffer (node:internal/streams/writable:564:12)
    at _write (node:internal/streams/writable:493:10)
    at Socket.Writable.write (node:internal/streams/writable:502:10)
    at Console.log (/Users/wuchentian/Codes/Python/ST@2023/states/node_modules/winston/lib/winston/transports/console.js:51:25)
    at Console._write (/Users/wuchentian/Codes/Python/ST@2023/states/node_modules/winston-transport/index.js:103:17)
    at doWrite (/Users/wuchentian/Codes/Python/ST@2023/states/node_modules/readable-stream/lib/_stream_writable.js:390:139)
    at writeOrBuffer (/Users/wuchentian/Codes/Python/ST@2023/states/node_modules/readable-stream/lib/_stream_writable.js:381:5)
    at Console.Writable.write (/Users/wuchentian/Codes/Python/ST@2023/states/node_modules/readable-stream/lib/_stream_writable.js:302:11)
    at DerivedLogger.ondata (/Users/wuchentian/Codes/Python/ST@2023/states/node_modules/readable-stream/lib/_stream_readable.js:629:20)
    at DerivedLogger.emit (node:events:531:35)
    at addChunk (/Users/wuchentian/Codes/Python/ST@2023/states/node_modules/readable-stream/lib/_stream_readable.js:279:12)
    at readableAddChunk (/Users/wuchentian/Codes/Python/ST@2023/states/node_modules/readable-stream/lib/_stream_readable.js:262:11)
    at DerivedLogger.Readable.push (/Users/wuchentian/Codes/Python/ST@2023/states/node_modules/readable-stream/lib/_stream_readable.js:228:10)
    at DerivedLogger.Transform.push (/Users/wuchentian/Codes/Python/ST@2023/states/node_modules/readable-stream/lib/_stream_transform.js:132:32)
    at DerivedLogger._transform (/Users/wuchentian/Codes/Python/ST@2023/states/node_modules/winston/lib/winston/logger.js:313:12)
    at DerivedLogger.Transform._read (/Users/wuchentian/Codes/Python/ST@2023/states/node_modules/readable-stream/lib/_stream_transform.js:166:10)
    at DerivedLogger.Transform._write (/Users/wuchentian/Codes/Python/ST@2023/states/node_modules/readable-stream/lib/_stream_transform.js:155:83)
    at doWrite (/Users/wuchentian/Codes/Python/ST@2023/states/node_modules/readable-stream/lib/_stream_writable.js:390:139)
